# JRE version: Java(TM) SE Runtime Environment (8.0_60-b27) (build 1.8.0_60-b27)
# Java VM: Java HotSpot(TM) 64-Bit Server VM (25.60-b23 mixed mode windows-amd64 compressed oops)
Heap:
 PSYoungGen      total 762880K, used 119702K [0x000000076b200000, 0x00000007a4300000, 0x00000007c0000000)
  eden space 625664K, 19% used [0x000000076b200000,0x00000007726e5b50,0x0000000791500000)
  from space 137216K, 0% used [0x000000079a180000,0x000000079a180000,0x00000007a2780000)
  to   space 143872K, 0% used [0x0000000791500000,0x0000000791500000,0x000000079a180000)
 ParOldGen       total 581120K, used 188648K [0x00000006c1600000, 0x00000006e4d80000, 0x000000076b200000)
  object space 581120K, 32% used [0x00000006c1600000,0x00000006cce3a378,0x00000006e4d80000)
 Metaspace       used 90448K, capacity 101491K, committed 101632K, reserved 1136640K
  class space    used 11391K, capacity 14521K, committed 14592K, reserved 1048576K
GC Heap History (10 events):
Event: 22.856 GC heap before
{Heap before GC invocations=15 (full 3):
 PSYoungGen      total 572928K, used 320784K [0x000000076b200000, 0x000000079d780000, 0x00000007c0000000)
  eden space 445952K, 71% used [0x000000076b200000,0x000000077eb44148,0x0000000786580000)
  from space 126976K, 0% used [0x0000000786580000,0x0000000786580000,0x000000078e180000)
  to   space 126464K, 0% used [0x0000000795c00000,0x0000000795c00000,0x000000079d780000)
 ParOldGen       total 340992K, used 80190K [0x00000006c1600000, 0x00000006d6300000, 0x000000076b200000)
  object space 340992K, 23% used [0x00000006c1600000,0x00000006c644f9b0,0x00000006d6300000)
 Metaspace       used 53324K, capacity 59052K, committed 59160K, reserved 1099776K
  class space    used 6360K, capacity 8007K, committed 8064K, reserved 1048576K
Event: 22.883 GC heap after
Heap after GC invocations=15 (full 3):
 PSYoungGen      total 609280K, used 39445K [0x000000076b200000, 0x000000079a700000, 0x00000007c0000000)
  eden space 532480K, 0% used [0x000000076b200000,0x000000076b200000,0x000000078ba00000)
  from space 76800K, 51% used [0x0000000795c00000,0x0000000798285598,0x000000079a700000)
  to   space 121344K, 0% used [0x000000078ba00000,0x000000078ba00000,0x0000000793080000)
 ParOldGen       total 340992K, used 80198K [0x00000006c1600000, 0x00000006d6300000, 0x000000076b200000)
  object space 340992K, 23% used [0x00000006c1600000,0x00000006c64519b0,0x00000006d6300000)
 Metaspace       used 53324K, capacity 59052K, committed 59160K, reserved 1099776K
  class space    used 6360K, capacity 8007K, committed 8064K, reserved 1048576K
}
Event: 22.883 GC heap before
{Heap before GC invocations=16 (full 4):
 PSYoungGen      total 609280K, used 39445K [0x000000076b200000, 0x000000079a700000, 0x00000007c0000000)
  eden space 532480K, 0% used [0x000000076b200000,0x000000076b200000,0x000000078ba00000)
  from space 76800K, 51% used [0x0000000795c00000,0x0000000798285598,0x000000079a700000)
  to   space 121344K, 0% used [0x000000078ba00000,0x000000078ba00000,0x0000000793080000)
 ParOldGen       total 340992K, used 80198K [0x00000006c1600000, 0x00000006d6300000, 0x000000076b200000)
  object space 340992K, 23% used [0x00000006c1600000,0x00000006c64519b0,0x00000006d6300000)
 Metaspace       used 53324K, capacity 59052K, committed 59160K, reserved 1099776K
  class space    used 6360K, capacity 8007K, committed 8064K, reserved 1048576K
Event: 23.035 GC heap after
Heap after GC invocations=16 (full 4):
 PSYoungGen      total 609280K, used 0K [0x000000076b200000, 0x000000079a700000, 0x00000007c0000000)
  eden space 532480K, 0% used [0x000000076b200000,0x000000076b200000,0x000000078ba00000)
  from space 76800K, 0% used [0x0000000795c00000,0x0000000795c00000,0x000000079a700000)
  to   space 121344K, 0% used [0x000000078ba00000,0x000000078ba00000,0x0000000793080000)
 ParOldGen       total 441856K, used 109578K [0x00000006c1600000, 0x00000006dc580000, 0x000000076b200000)
  object space 441856K, 24% used [0x00000006c1600000,0x00000006c8102ab0,0x00000006dc580000)
 Metaspace       used 53324K, capacity 59052K, committed 59160K, reserved 1099776K
  class space    used 6360K, capacity 8007K, committed 8064K, reserved 1048576K
}
Event: 33.640 GC heap before
{Heap before GC invocations=17 (full 4):
 PSYoungGen      total 609280K, used 532480K [0x000000076b200000, 0x000000079a700000, 0x00000007c0000000)
  eden space 532480K, 100% used [0x000000076b200000,0x000000078ba00000,0x000000078ba00000)
  from space 76800K, 0% used [0x0000000795c00000,0x0000000795c00000,0x000000079a700000)
  to   space 121344K, 0% used [0x000000078ba00000,0x000000078ba00000,0x0000000793080000)
 ParOldGen       total 441856K, used 109578K [0x00000006c1600000, 0x00000006dc580000, 0x000000076b200000)
  object space 441856K, 24% used [0x00000006c1600000,0x00000006c8102ab0,0x00000006dc580000)
 Metaspace       used 82139K, capacity 92049K, committed 92160K, reserved 1128448K
  class space    used 10128K, capacity 12999K, committed 13056K, reserved 1048576K
Event: 33.720 GC heap after
Heap after GC invocations=17 (full 4):
 PSYoungGen      total 653824K, used 112300K [0x000000076b200000, 0x00000007a2780000, 0x00000007c0000000)
  eden space 532480K, 0% used [0x000000076b200000,0x000000076b200000,0x000000078ba00000)
  from space 121344K, 92% used [0x000000078ba00000,0x00000007927ab2e0,0x0000000793080000)
  to   space 137216K, 0% used [0x000000079a180000,0x000000079a180000,0x00000007a2780000)
 ParOldGen       total 441856K, used 109586K [0x00000006c1600000, 0x00000006dc580000, 0x000000076b200000)
  object space 441856K, 24% used [0x00000006c1600000,0x00000006c8104ab0,0x00000006dc580000)
 Metaspace       used 82139K, capacity 92049K, committed 92160K, reserved 1128448K
  class space    used 10128K, capacity 12999K, committed 13056K, reserved 1048576K
}
Event: 35.284 GC heap before
{Heap before GC invocations=18 (full 4):
 PSYoungGen      total 653824K, used 176994K [0x000000076b200000, 0x00000007a2780000, 0x00000007c0000000)
  eden space 532480K, 12% used [0x000000076b200000,0x000000076f12d8e0,0x000000078ba00000)
  from space 121344K, 92% used [0x000000078ba00000,0x00000007927ab2e0,0x0000000793080000)
  to   space 137216K, 0% used [0x000000079a180000,0x000000079a180000,0x00000007a2780000)
 ParOldGen       total 441856K, used 109586K [0x00000006c1600000, 0x00000006dc580000, 0x000000076b200000)
  object space 441856K, 24% used [0x00000006c1600000,0x00000006c8104ab0,0x00000006dc580000)
 Metaspace       used 87570K, capacity 98437K, committed 98600K, reserved 1134592K
  class space    used 11052K, capacity 14207K, committed 14208K, reserved 1048576K
Event: 35.370 GC heap after
Heap after GC invocations=18 (full 4):
 PSYoungGen      total 762880K, used 96681K [0x000000076b200000, 0x00000007a4300000, 0x00000007c0000000)
  eden space 625664K, 0% used [0x000000076b200000,0x000000076b200000,0x0000000791500000)
  from space 137216K, 70% used [0x000000079a180000,0x000000079ffea5b0,0x00000007a2780000)
  to   space 143872K, 0% used [0x0000000791500000,0x0000000791500000,0x000000079a180000)
 ParOldGen       total 441856K, used 109594K [0x00000006c1600000, 0x00000006dc580000, 0x000000076b200000)
  object space 441856K, 24% used [0x00000006c1600000,0x00000006c8106ab0,0x00000006dc580000)
 Metaspace       used 87570K, capacity 98437K, committed 98600K, reserved 1134592K
  class space    used 11052K, capacity 14207K, committed 14208K, reserved 1048576K
}
Event: 35.371 GC heap before
{Heap before GC invocations=19 (full 5):
 PSYoungGen      total 762880K, used 96681K [0x000000076b200000, 0x00000007a4300000, 0x00000007c0000000)
  eden space 625664K, 0% used [0x000000076b200000,0x000000076b200000,0x0000000791500000)
  from space 137216K, 70% used [0x000000079a180000,0x000000079ffea5b0,0x00000007a2780000)
  to   space 143872K, 0% used [0x0000000791500000,0x0000000791500000,0x000000079a180000)
 ParOldGen       total 441856K, used 109594K [0x00000006c1600000, 0x00000006dc580000, 0x000000076b200000)
  object space 441856K, 24% used [0x00000006c1600000,0x00000006c8106ab0,0x00000006dc580000)
 Metaspace       used 87570K, capacity 98437K, committed 98600K, reserved 1134592K
  class space    used 11052K, capacity 14207K, committed 14208K, reserved 1048576K
Event: 35.796 GC heap after
Heap after GC invocations=19 (full 5):
 PSYoungGen      total 762880K, used 0K [0x000000076b200000, 0x00000007a4300000, 0x00000007c0000000)
  eden space 625664K, 0% used [0x000000076b200000,0x000000076b200000,0x0000000791500000)
  from space 137216K, 0% used [0x000000079a180000,0x000000079a180000,0x00000007a2780000)
  to   space 143872K, 0% used [0x0000000791500000,0x0000000791500000,0x000000079a180000)
 ParOldGen       total 581120K, used 188648K [0x00000006c1600000, 0x00000006e4d80000, 0x000000076b200000)
  object space 581120K, 32% used [0x00000006c1600000,0x00000006cce3a378,0x00000006e4d80000)
 Metaspace       used 87570K, capacity 98437K, committed 98600K, reserved 1134592K
  class space    used 11052K, capacity 14207K, committed 14208K, reserved 1048576K
}

